Log file open, 04/02/23 15:25:05
LogWindows: Failed to load 'aqProf.dll' (GetLastError=126)
LogWindows: File 'aqProf.dll' does not exist
LogWindows: Failed to load 'VSPerf140.dll' (GetLastError=126)
LogWindows: File 'VSPerf140.dll' does not exist
LogWindows: Failed to load 'VtuneApi.dll' (GetLastError=126)
LogWindows: File 'VtuneApi.dll' does not exist
LogWindows: Failed to load 'VtuneApi32e.dll' (GetLastError=126)
LogWindows: File 'VtuneApi32e.dll' does not exist
LogInit: Display: Running engine for game: MotionCapturev2
LogPlatformFile: Not using cached read wrapper
LogInit: Display: RandInit(-1033843003) SRandInit(-1033843003).
LogInit: Read version file with build ID '3709383'
LogInit: Overriding engine version to CL 3832480, compatible CL 3709383
LogInit: Registered custom module enumerator with build ID '3709383'
LogTaskGraph: Started task graph with 5 named threads and 14 total threads with 3 sets of task threads.
LogStats: Stats thread started at 0.212756
LogD3D11RHI: Aftermath initialized
LogPluginManager: Mounting plugin Paper2D
LogPluginManager: Mounting plugin LightPropagationVolume
LogPluginManager: Mounting plugin CodeLiteSourceCodeAccess
LogPluginManager: Mounting plugin GitSourceControl
LogPluginManager: Mounting plugin KDevelopSourceCodeAccess
LogPluginManager: Mounting plugin NullSourceCodeAccess
LogPluginManager: Mounting plugin PerforceSourceControl
LogPluginManager: Mounting plugin SubversionSourceControl
LogPluginManager: Mounting plugin UObjectPlugin
LogPluginManager: Mounting plugin VisualStudioCodeSourceCodeAccess
LogPluginManager: Mounting plugin VisualStudioSourceCodeAccess
LogPluginManager: Mounting plugin XCodeSourceCodeAccess
LogPluginManager: Mounting plugin AssetManagerEditor
LogPluginManager: Mounting plugin AudioCapture
LogPluginManager: Mounting plugin FacialAnimation
LogPluginManager: Mounting plugin GameplayTagsEditor
LogPluginManager: Mounting plugin MobileLauncherProfileWizard
LogPluginManager: Mounting plugin PluginBrowser
LogPluginManager: Mounting plugin SpeedTreeImporter
LogPluginManager: Mounting plugin AlembicImporter
LogPluginManager: Mounting plugin CharacterAI
LogPluginManager: Mounting plugin HTML5Networking
LogPluginManager: Mounting plugin AndroidMedia
LogPluginManager: Mounting plugin AvfMedia
LogPluginManager: Mounting plugin ImgMedia
LogPluginManager: Mounting plugin MediaCompositing
LogPluginManager: Mounting plugin MediaPlayerEditor
LogPluginManager: Mounting plugin WmfMedia
LogPluginManager: Mounting plugin TcpMessaging
LogPluginManager: Mounting plugin UdpMessaging
LogPluginManager: Mounting plugin ActorSequence
LogPluginManager: Mounting plugin LevelSequenceEditor
LogPluginManager: Mounting plugin MatineeToLevelSequence
LogPluginManager: Mounting plugin OnlineSubsystemGooglePlay
LogPluginManager: Mounting plugin OnlineSubsystemIOS
LogPluginManager: Mounting plugin OnlineSubsystem
LogPluginManager: Mounting plugin OnlineSubsystemNull
LogPluginManager: Mounting plugin OnlineSubsystemUtils
LogPluginManager: Mounting plugin AndroidDeviceProfileSelector
LogPluginManager: Mounting plugin AndroidMoviePlayer
LogPluginManager: Mounting plugin AndroidPermission
LogPluginManager: Mounting plugin AppleARKit
LogPluginManager: Mounting plugin AppleMoviePlayer
LogPluginManager: Mounting plugin ArchVisCharacter
LogPluginManager: Mounting plugin CableComponent
LogPluginManager: Mounting plugin CustomMeshComponent
LogPluginManager: Mounting plugin ExampleDeviceProfileSelector
LogPluginManager: Mounting plugin GoogleCloudMessaging
LogPluginManager: Mounting plugin ImmediatePhysics
LogPluginManager: Mounting plugin IOSDeviceProfileSelector
LogPluginManager: Mounting plugin LinuxDeviceProfileSelector
LogPluginManager: Mounting plugin LocationServicesBPLibrary
LogPluginManager: Mounting plugin MobilePatchingUtils
LogPluginManager: Mounting plugin OculusVR
LogPluginManager: Plugin shader directory ../../../Engine/Plugins/Runtime/Oculus/OculusVR/Shaders found
LogPluginManager: Mapping shader source directory ../../../Engine/Plugins/Runtime/Oculus/OculusVR/Shaders to virtual directory /Plugin/OculusVR
LogPluginManager: Mounting plugin PhysXVehicles
LogPluginManager: Mounting plugin ProceduralMeshComponent
LogPluginManager: Mounting plugin RuntimePhysXCooking
LogPluginManager: Mounting plugin SteamVR
LogPluginManager: Mounting plugin WindowsMoviePlayer
LogModuleManager: Display: Found up-to-date module file ../../../../MotionCapturev2/Binaries/Win64/UE4Editor-MotionCapturev2.dll (API version 3709383).
LogModuleManager: Display: Found up-to-date module file ../../../Engine/Plugins/2D/Paper2D/Binaries/Win64/UE4Editor-Paper2D.dll (API version 3709383).
LogModuleManager: Display: Found up-to-date module file ../../../Engine/Plugins/2D/Paper2D/Binaries/Win64/UE4Editor-Paper2DEditor.dll (API version 3709383).
LogModuleManager: Display: Found up-to-date module file ../../../Engine/Plugins/2D/Paper2D/Binaries/Win64/UE4Editor-PaperSpriteSheetImporter.dll (API version 3709383).
LogModuleManager: Display: Found up-to-date module file ../../../Engine/Plugins/2D/Paper2D/Binaries/Win64/UE4Editor-PaperTiledImporter.dll (API version 3709383).
LogModuleManager: Display: Found up-to-date module file ../../../Engine/Plugins/2D/Paper2D/Binaries/Win64/UE4Editor-SmartSnapping.dll (API version 3709383).
LogModuleManager: Display: Found up-to-date module file ../../../Engine/Plugins/Blendables/LightPropagationVolume/Binaries/Win64/UE4Editor-LightPropagationVolumeRuntime.dll (API version 3709383).
LogModuleManager: Display: Found up-to-date module file ../../../Engine/Plugins/Blendables/LightPropagationVolume/Binaries/Win64/UE4Editor-LightPropagationVolumeEditor.dll (API version 3709383).
LogModuleManager: Display: Found up-to-date module file ../../../Engine/Plugins/Developer/GitSourceControl/Binaries/Win64/UE4Editor-GitSourceControl.dll (API version 3709383).
LogModuleManager: Display: Found up-to-date module file ../../../Engine/Plugins/Developer/PerforceSourceControl/Binaries/Win64/UE4Editor-PerforceSourceControl.dll (API version 3709383).
LogModuleManager: Display: Found up-to-date module file ../../../Engine/Plugins/Developer/SubversionSourceControl/Binaries/Win64/UE4Editor-SubversionSourceControl.dll (API version 3709383).
LogModuleManager: Display: Found up-to-date module file ../../../Engine/Plugins/Developer/UObjectPlugin/Binaries/Win64/UE4Editor-UObjectPlugin.dll (API version 3709383).
LogModuleManager: Display: Found up-to-date module file ../../../Engine/Plugins/Developer/VisualStudioCodeSourceCodeAccess/Binaries/Win64/UE4Editor-VisualStudioCodeSourceCodeAccess.dll (API version 3709383).
LogModuleManager: Display: Found up-to-date module file ../../../Engine/Plugins/Developer/VisualStudioSourceCodeAccess/Binaries/Win64/UE4Editor-VisualStudioSourceCodeAccess.dll (API version 3709383).
LogModuleManager: Display: Found up-to-date module file ../../../Engine/Plugins/Editor/AssetManagerEditor/Binaries/Win64/UE4Editor-AssetManagerEditor.dll (API version 3709383).
LogModuleManager: Display: Found up-to-date module file ../../../Engine/Plugins/Editor/AudioCapture/Binaries/Win64/UE4Editor-AudioCapture.dll (API version 3709383).
LogModuleManager: Display: Found up-to-date module file ../../../Engine/Plugins/Editor/FacialAnimation/Binaries/Win64/UE4Editor-FacialAnimation.dll (API version 3709383).
LogModuleManager: Display: Found up-to-date module file ../../../Engine/Plugins/Editor/FacialAnimation/Binaries/Win64/UE4Editor-FacialAnimationEditor.dll (API version 3709383).
LogModuleManager: Display: Found up-to-date module file ../../../Engine/Plugins/Editor/GameplayTagsEditor/Binaries/Win64/UE4Editor-GameplayTagsEditor.dll (API version 3709383).
LogModuleManager: Display: Found up-to-date module file ../../../Engine/Plugins/Editor/MobileLauncherProfileWizard/Binaries/Win64/UE4Editor-MobileLauncherProfileWizard.dll (API version 3709383).
LogModuleManager: Display: Found up-to-date module file ../../../Engine/Plugins/Editor/PluginBrowser/Binaries/Win64/UE4Editor-PluginBrowser.dll (API version 3709383).
LogModuleManager: Display: Found up-to-date module file ../../../Engine/Plugins/Editor/SpeedTreeImporter/Binaries/Win64/UE4Editor-SpeedTreeImporter.dll (API version 3709383).
LogModuleManager: Display: Found up-to-date module file ../../../Engine/Plugins/Experimental/AlembicImporter/Binaries/Win64/UE4Editor-AlembicImporter.dll (API version 3709383).
LogModuleManager: Display: Found up-to-date module file ../../../Engine/Plugins/Experimental/AlembicImporter/Binaries/Win64/UE4Editor-AlembicLibrary.dll (API version 3709383).
LogModuleManager: Display: Found up-to-date module file ../../../Engine/Plugins/Experimental/CharacterAI/Binaries/Win64/UE4Editor-CharacterAI.dll (API version 3709383).
LogModuleManager: Display: Found up-to-date module file ../../../Engine/Plugins/Experimental/HTML5Networking/Binaries/Win64/UE4Editor-HTML5Networking.dll (API version 3709383).
LogModuleManager: Display: Found up-to-date module file ../../../Engine/Plugins/Media/AndroidMedia/Binaries/Win64/UE4Editor-AndroidMediaEditor.dll (API version 3709383).
LogModuleManager: Display: Found up-to-date module file ../../../Engine/Plugins/Media/AndroidMedia/Binaries/Win64/UE4Editor-AndroidMediaFactory.dll (API version 3709383).
LogModuleManager: Display: Found up-to-date module file ../../../Engine/Plugins/Media/AvfMedia/Binaries/Win64/UE4Editor-AvfMediaEditor.dll (API version 3709383).
LogModuleManager: Display: Found up-to-date module file ../../../Engine/Plugins/Media/AvfMedia/Binaries/Win64/UE4Editor-AvfMediaFactory.dll (API version 3709383).
LogModuleManager: Display: Found up-to-date module file ../../../Engine/Plugins/Media/AvfMedia/Binaries/Win64/UE4Editor-AvfMediaFactory.dll (API version 3709383).
LogModuleManager: Display: Found up-to-date module file ../../../Engine/Plugins/Media/ImgMedia/Binaries/Win64/UE4Editor-ImgMedia.dll (API version 3709383).
LogModuleManager: Display: Found up-to-date module file ../../../Engine/Plugins/Media/ImgMedia/Binaries/Win64/UE4Editor-ImgMediaEditor.dll (API version 3709383).
LogModuleManager: Display: Found up-to-date module file ../../../Engine/Plugins/Media/ImgMedia/Binaries/Win64/UE4Editor-ImgMediaFactory.dll (API version 3709383).
LogModuleManager: Display: Found up-to-date module file ../../../Engine/Plugins/Media/ImgMedia/Binaries/Win64/UE4Editor-ImgMediaFactory.dll (API version 3709383).
LogModuleManager: Display: Found up-to-date module file ../../../Engine/Plugins/Media/ImgMedia/Binaries/Win64/UE4Editor-OpenExrWrapper.dll (API version 3709383).
LogModuleManager: Display: Found up-to-date module file ../../../Engine/Plugins/Media/MediaCompositing/Binaries/Win64/UE4Editor-MediaCompositing.dll (API version 3709383).
LogModuleManager: Display: Found up-to-date module file ../../../Engine/Plugins/Media/MediaCompositing/Binaries/Win64/UE4Editor-MediaCompositingEditor.dll (API version 3709383).
LogModuleManager: Display: Found up-to-date module file ../../../Engine/Plugins/Media/MediaPlayerEditor/Binaries/Win64/UE4Editor-MediaPlayerEditor.dll (API version 3709383).
LogModuleManager: Display: Found up-to-date module file ../../../Engine/Plugins/Media/WmfMedia/Binaries/Win64/UE4Editor-WmfMedia.dll (API version 3709383).
LogModuleManager: Display: Found up-to-date module file ../../../Engine/Plugins/Media/WmfMedia/Binaries/Win64/UE4Editor-WmfMediaEditor.dll (API version 3709383).
LogModuleManager: Display: Found up-to-date module file ../../../Engine/Plugins/Media/WmfMedia/Binaries/Win64/UE4Editor-WmfMediaFactory.dll (API version 3709383).
LogModuleManager: Display: Found up-to-date module file ../../../Engine/Plugins/Media/WmfMedia/Binaries/Win64/UE4Editor-WmfMediaFactory.dll (API version 3709383).
LogModuleManager: Display: Found up-to-date module file ../../../Engine/Plugins/Messaging/TcpMessaging/Binaries/Win64/UE4Editor-TcpMessaging.dll (API version 3709383).
LogModuleManager: Display: Found up-to-date module file ../../../Engine/Plugins/Messaging/UdpMessaging/Binaries/Win64/UE4Editor-UdpMessaging.dll (API version 3709383).
LogModuleManager: Display: Found up-to-date module file ../../../Engine/Plugins/MovieScene/ActorSequence/Binaries/Win64/UE4Editor-ActorSequence.dll (API version 3709383).
LogModuleManager: Display: Found up-to-date module file ../../../Engine/Plugins/MovieScene/LevelSequenceEditor/Binaries/Win64/UE4Editor-LevelSequenceEditor.dll (API version 3709383).
LogModuleManager: Display: Found up-to-date module file ../../../Engine/Plugins/MovieScene/MatineeToLevelSequence/Binaries/Win64/UE4Editor-MatineeToLevelSequence.dll (API version 3709383).
LogModuleManager: Display: Found up-to-date module file ../../../Engine/Plugins/Online/OnlineSubsystem/Binaries/Win64/UE4Editor-OnlineSubsystem.dll (API version 3709383).
LogModuleManager: Display: Found up-to-date module file ../../../Engine/Plugins/Online/OnlineSubsystemNull/Binaries/Win64/UE4Editor-OnlineSubsystemNull.dll (API version 3709383).
LogModuleManager: Display: Found up-to-date module file ../../../Engine/Plugins/Online/OnlineSubsystemUtils/Binaries/Win64/UE4Editor-OnlineSubsystemUtils.dll (API version 3709383).
LogModuleManager: Display: Found up-to-date module file ../../../Engine/Plugins/Online/OnlineSubsystemUtils/Binaries/Win64/UE4Editor-OnlineBlueprintSupport.dll (API version 3709383).
LogModuleManager: Display: Found up-to-date module file ../../../Engine/Plugins/Runtime/AndroidDeviceProfileSelector/Binaries/Win64/UE4Editor-AndroidDeviceProfileSelector.dll (API version 3709383).
LogModuleManager: Display: Found up-to-date module file ../../../Engine/Plugins/Runtime/AndroidPermission/Binaries/Win64/UE4Editor-AndroidPermission.dll (API version 3709383).
LogModuleManager: Display: Found up-to-date module file ../../../Engine/Plugins/Runtime/AppleARKit/Binaries/Win64/UE4Editor-AppleARKit.dll (API version 3709383).
LogModuleManager: Display: Found up-to-date module file ../../../Engine/Plugins/Runtime/ArchVisCharacter/Binaries/Win64/UE4Editor-ArchVisCharacter.dll (API version 3709383).
LogModuleManager: Display: Found up-to-date module file ../../../Engine/Plugins/Runtime/CableComponent/Binaries/Win64/UE4Editor-CableComponent.dll (API version 3709383).
LogModuleManager: Display: Found up-to-date module file ../../../Engine/Plugins/Runtime/CustomMeshComponent/Binaries/Win64/UE4Editor-CustomMeshComponent.dll (API version 3709383).
LogModuleManager: Display: Found up-to-date module file ../../../Engine/Plugins/Runtime/ExampleDeviceProfileSelector/Binaries/Win64/UE4Editor-ExampleDeviceProfileSelector.dll (API version 3709383).
LogModuleManager: Display: Found up-to-date module file ../../../Engine/Plugins/Runtime/ImmediatePhysics/Binaries/Win64/UE4Editor-ImmediatePhysics.dll (API version 3709383).
LogModuleManager: Display: Found up-to-date module file ../../../Engine/Plugins/Runtime/ImmediatePhysics/Binaries/Win64/UE4Editor-ImmediatePhysicsEditor.dll (API version 3709383).
LogModuleManager: Display: Found up-to-date module file ../../../Engine/Plugins/Runtime/LocationServicesBPLibrary/Binaries/Win64/UE4Editor-LocationServicesBPLibrary.dll (API version 3709383).
LogModuleManager: Display: Found up-to-date module file ../../../Engine/Plugins/Runtime/MobilePatchingUtils/Binaries/Win64/UE4Editor-MobilePatchingUtils.dll (API version 3709383).
LogModuleManager: Display: Found up-to-date module file ../../../Engine/Plugins/Runtime/Oculus/OculusVR/Binaries/Win64/UE4Editor-OculusHMD.dll (API version 3709383).
LogModuleManager: Display: Found up-to-date module file ../../../Engine/Plugins/Runtime/Oculus/OculusVR/Binaries/Win64/UE4Editor-OculusInput.dll (API version 3709383).
LogModuleManager: Display: Found up-to-date module file ../../../Engine/Plugins/Runtime/Oculus/OculusVR/Binaries/Win64/UE4Editor-OculusEditor.dll (API version 3709383).
LogModuleManager: Display: Found up-to-date module file ../../../Engine/Plugins/Runtime/PhysXVehicles/Binaries/Win64/UE4Editor-PhysXVehicles.dll (API version 3709383).
LogModuleManager: Display: Found up-to-date module file ../../../Engine/Plugins/Runtime/PhysXVehicles/Binaries/Win64/UE4Editor-PhysXVehiclesEditor.dll (API version 3709383).
LogModuleManager: Display: Found up-to-date module file ../../../Engine/Plugins/Runtime/ProceduralMeshComponent/Binaries/Win64/UE4Editor-ProceduralMeshComponent.dll (API version 3709383).
LogModuleManager: Display: Found up-to-date module file ../../../Engine/Plugins/Runtime/ProceduralMeshComponent/Binaries/Win64/UE4Editor-ProceduralMeshComponentEditor.dll (API version 3709383).
LogModuleManager: Display: Found up-to-date module file ../../../Engine/Plugins/Runtime/RuntimePhysXCooking/Binaries/Win64/UE4Editor-RuntimePhysXCooking.dll (API version 3709383).
LogModuleManager: Display: Found up-to-date module file ../../../Engine/Plugins/Runtime/Steam/SteamVR/Binaries/Win64/UE4Editor-SteamVR.dll (API version 3709383).
LogModuleManager: Display: Found up-to-date module file ../../../Engine/Plugins/Runtime/Steam/SteamVR/Binaries/Win64/UE4Editor-SteamVRController.dll (API version 3709383).
LogModuleManager: Display: Found up-to-date module file ../../../Engine/Plugins/Runtime/WindowsMoviePlayer/Binaries/Win64/UE4Editor-WindowsMoviePlayer.dll (API version 3709383).
LogInit: Using libcurl 7.47.1
LogInit:  - built for x86_64-pc-win32
LogInit:  - supports SSL with OpenSSL/1.0.2g
LogInit:  - supports HTTP deflate (compression) using libz 1.2.8
LogInit:  - other features:
LogInit:      CURL_VERSION_SSL
LogInit:      CURL_VERSION_LIBZ
LogInit:      CURL_VERSION_IPV6
LogInit:      CURL_VERSION_ASYNCHDNS
LogInit:      CURL_VERSION_LARGEFILE
LogInit:      CURL_VERSION_IDN
LogInit:  CurlRequestOptions (configurable via config and command line):
LogInit:  - bVerifyPeer = false  - Libcurl will NOT verify peer certificate
LogInit:  - bUseHttpProxy = false  - Libcurl will NOT use HTTP proxy
LogInit:  - bDontReuseConnections = false  - Libcurl will reuse connections
LogInit:  - CertBundlePath = nullptr  - Libcurl will use whatever was configured at build time.
LogInit: Build: ++UE4+Release-4.18-CL-3832480
LogInit: Engine Version: 4.18.3-3832480+++UE4+Release-4.18
LogInit: Compatible Engine Version: 4.18.0-3709383+++UE4+Release-4.18
LogInit: Net CL: 3709383
LogDevObjectVersion: Number of dev versions registered: 16
LogDevObjectVersion:   Dev-Blueprints (B0D832E4-1F89-4F0D-ACCF-7EB736FD4AA2): 10
LogDevObjectVersion:   Dev-Build (E1C64328-A22C-4D53-A36C-8E866417BD8C): 0
LogDevObjectVersion:   Dev-Core (375EC13C-06E4-48FB-B500-84F0262A717E): 2
LogDevObjectVersion:   Dev-Editor (E4B068ED-F494-42E9-A231-DA0B2E46BB41): 20
LogDevObjectVersion:   Dev-Framework (CFFC743F-43B0-4480-9391-14DF171D2073): 30
LogDevObjectVersion:   Dev-Mobile (B02B49B5-BB20-44E9-A304-32B752E40360): 0
LogDevObjectVersion:   Dev-Networking (A4E4105C-59A1-49B5-A7C5-40C4547EDFEE): 0
LogDevObjectVersion:   Dev-Online (39C831C9-5AE6-47DC-9A44-9C173E1C8E7C): 0
LogDevObjectVersion:   Dev-Physics (78F01B33-EBEA-4F98-B9B4-84EACCB95AA2): 0
LogDevObjectVersion:   Dev-Platform (6631380F-2D4D-43E0-8009-CF276956A95A): 0
LogDevObjectVersion:   Dev-Rendering (12F88B9F-8875-4AFC-A67C-D90C383ABD29): 20
LogDevObjectVersion:   Dev-Sequencer (7B5AE74C-D270-4C10-A958-57980B212A5A): 4
LogDevObjectVersion:   Dev-VR (D7296918-1DD6-4BDD-9DE2-64A83CC13884): 0
LogDevObjectVersion:   Dev-LoadTimes (C2A15278-BFE7-4AFE-6C17-90FF531DF755): 1
LogDevObjectVersion:   Private-Geometry (6EACA3D4-40EC-4CC1-B786-8BED09428FC5): 1
LogDevObjectVersion:   Dev-AnimPhys (29E575DD-E0A3-4627-9D10-D276232CDCEA): 12
LogInit: Compiled (64-bit): Jan 12 2018 02:04:55
LogInit: Compiled with Visual C++: 19.00.24215.01
LogInit: Build Configuration: Development
LogInit: Branch Name: ++UE4+Release-4.18
LogInit: Command line: -EpicPortal  -epicusername="integrada" -epicuserid=cf7e6683a06c49e2a828680d26959ace -epiclocale=en -epicsandboxid=ue
LogInit: Base directory: H:/UnrealEngine/UE_4.18/Engine/Binaries/Win64/
LogInit: Installed Engine Build: 1
LogInit: Presizing for max 8388607 objects, including 0 objects not considered by GC, pre-allocating 0 bytes for permanent pool.
LogInit: Object subsystem initialized
[2023.04.02-08.25.06:193][  0]LogInit: Selected Device Profile: [Windows]
[2023.04.02-08.25.06:193][  0]LogInit: Applying CVar settings loaded from the selected device profile: [Windows]
[2023.04.02-08.25.06:207][  0]LogInit: Computer: NEON
[2023.04.02-08.25.06:207][  0]LogInit: User: araha
[2023.04.02-08.25.06:207][  0]LogInit: CPU Page size=4096, Cores=4
[2023.04.02-08.25.06:207][  0]LogInit: High frequency timer resolution =10.000000 MHz
[2023.04.02-08.25.06:207][  0]LogMemory: Memory total: Physical=15.7GB (16GB approx)
[2023.04.02-08.25.06:207][  0]LogMemory: Platform Memory Stats for Windows
[2023.04.02-08.25.06:207][  0]LogMemory: Process Physical Memory: 274.92 MB used, 274.92 MB peak
[2023.04.02-08.25.06:207][  0]LogMemory: Process Virtual Memory: 270.01 MB used, 270.01 MB peak
[2023.04.02-08.25.06:207][  0]LogMemory: Physical Memory: 13196.48 MB used,  2910.30 MB free, 16106.79 MB total
[2023.04.02-08.25.06:207][  0]LogMemory: Virtual Memory: 4763.91 MB used,  2910.30 MB free, 134217728.00 MB total
[2023.04.02-08.25.06:283][  0]LogInit: Using OS detected language (en-US).
[2023.04.02-08.25.06:283][  0]LogInit: Using OS detected locale (en-ID).
[2023.04.02-08.25.06:285][  0]LogTextLocalizationManager: No specific localization for 'en-US' exists, so the 'en' localization will be used.
[2023.04.02-08.25.06:590][  0]LogInit: Setting process to per monitor DPI aware
[2023.04.02-08.25.06:744][  0]LogD3D11RHI: D3D11 adapters:
[2023.04.02-08.25.06:822][  0]LogD3D11RHI:    0. 'NVIDIA GeForce MX330' (Feature Level 11_0)
[2023.04.02-08.25.06:822][  0]LogD3D11RHI:       1982/0/8053 MB DedicatedVideo/DedicatedSystem/SharedSystem, Outputs:2, VendorId:0x10de
[2023.04.02-08.25.06:848][  0]LogD3D11RHI:    1. 'Intel(R) Iris(R) Xe Graphics' (Feature Level 11_0)
[2023.04.02-08.25.06:848][  0]LogD3D11RHI:       128/0/8053 MB DedicatedVideo/DedicatedSystem/SharedSystem, Outputs:0, VendorId:0x8086
[2023.04.02-08.25.06:850][  0]LogD3D11RHI:    2. 'Microsoft Basic Render Driver' (Feature Level 11_0)
[2023.04.02-08.25.06:850][  0]LogD3D11RHI:       0/0/8053 MB DedicatedVideo/DedicatedSystem/SharedSystem, Outputs:0, VendorId:0x1414
[2023.04.02-08.25.06:850][  0]LogD3D11RHI: Chosen D3D11 Adapter: 0
[2023.04.02-08.25.06:857][  0]LogD3D11RHI: Creating new Direct3DDevice
[2023.04.02-08.25.06:857][  0]LogD3D11RHI:     GPU DeviceId: 0x1d16 (for the marketing name, search the web for "GPU Device Id")
[2023.04.02-08.25.06:857][  0]LogWindows: EnumDisplayDevices:
[2023.04.02-08.25.06:857][  0]LogWindows:    0. 'Intel(R) Iris(R) Xe Graphics' (P:1 D:1)
[2023.04.02-08.25.06:857][  0]LogWindows:    1. 'Intel(R) Iris(R) Xe Graphics' (P:0 D:1)
[2023.04.02-08.25.06:857][  0]LogWindows:    2. 'Intel(R) Iris(R) Xe Graphics' (P:0 D:0)
[2023.04.02-08.25.06:857][  0]LogWindows:    3. 'Intel(R) Iris(R) Xe Graphics' (P:0 D:0)
[2023.04.02-08.25.06:857][  0]LogWindows: DebugString: GetVideoDriverDetailsInvalid PrimaryIsNotTheChoosenAdapter GetVideoDriverDetailsInvalid PrimaryIsNotTheChoosenAdapter GetVideoDriverDetailsInvalid PrimaryIsNotTheChoosenAdapter GetVideoDriverDetailsInvalid PrimaryIsNotTheChoosenAdapter FoundDriverCount:0 
[2023.04.02-08.25.06:857][  0]LogD3D11RHI:     Adapter Name: NVIDIA GeForce MX330
[2023.04.02-08.25.06:857][  0]LogD3D11RHI:   Driver Version: Unknown (internal:Unknown, unified:Unknown)
[2023.04.02-08.25.06:857][  0]LogD3D11RHI:      Driver Date: Unknown
[2023.04.02-08.25.06:857][  0]LogRHI: Texture pool is 1387 MB (70% of 1982 MB)
[2023.04.02-08.25.06:912][  0]LogD3D11RHI: Async texture creation enabled
[2023.04.02-08.25.06:928][  0]LogD3D11RHI: GPU Timing Frequency: 1000.000000 (Debug: 2 2)
[2023.04.02-08.25.06:929][  0]LogShaderCompilers: Guid format shader working directory is 19 characters bigger than the processId version (../../../../MotionCapturev2/Intermediate/Shaders/WorkingDirectory/2332/).
[2023.04.02-08.25.06:929][  0]LogShaderCompilers: Cleaned the shader compiler working directory 'C:/Users/araha/AppData/Local/Temp/UnrealShaderWorkingDir/EA20DC544F315CA0AE8A72A343BF26DC/'.
[2023.04.02-08.25.06:929][  0]LogShaderCompilers: Display: Using Local Shader Compiler.
[2023.04.02-08.25.07:543][  0]LogTemp: Display: Loaded TP AllDesktopTargetPlatform
[2023.04.02-08.25.07:572][  0]LogTemp: Display: Loaded TP MacClientTargetPlatform
[2023.04.02-08.25.07:601][  0]LogTemp: Display: Loaded TP MacNoEditorTargetPlatform
[2023.04.02-08.25.07:630][  0]LogTemp: Display: Loaded TP MacServerTargetPlatform
[2023.04.02-08.25.07:659][  0]LogTemp: Display: Loaded TP MacTargetPlatform
[2023.04.02-08.25.07:688][  0]LogTemp: Display: Loaded TP WindowsClientTargetPlatform
[2023.04.02-08.25.07:716][  0]LogTemp: Display: Loaded TP WindowsNoEditorTargetPlatform
[2023.04.02-08.25.07:744][  0]LogTemp: Display: Loaded TP WindowsServerTargetPlatform
[2023.04.02-08.25.07:768][  0]LogTemp: Display: Loaded TP WindowsTargetPlatform
[2023.04.02-08.25.07:797][  0]LogTemp: Display: Loaded TP Android_ASTCTargetPlatform
[2023.04.02-08.25.07:826][  0]LogTemp: Display: Loaded TP Android_ATCTargetPlatform
[2023.04.02-08.25.07:855][  0]LogTemp: Display: Loaded TP Android_DXTTargetPlatform
[2023.04.02-08.25.07:883][  0]LogTemp: Display: Loaded TP Android_ETC1TargetPlatform
[2023.04.02-08.25.07:911][  0]LogTemp: Display: Loaded TP Android_ETC2TargetPlatform
[2023.04.02-08.25.07:969][  0]LogTemp: Display: Loaded TP Android_MultiTargetPlatform
[2023.04.02-08.25.07:969][  0]LogTemp: Display: Loaded TP Android_PVRTCTargetPlatform
[2023.04.02-08.25.07:997][  0]LogTemp: Display: Loaded TP AndroidTargetPlatform
[2023.04.02-08.25.08:018][  0]LogTemp: Display: Loaded TP HTML5TargetPlatform
[2023.04.02-08.25.08:080][  0]LogTemp: Display: Loaded TP IOSTargetPlatform
[2023.04.02-08.25.08:096][  0]LogTemp: Display: Loaded TP TVOSTargetPlatform
[2023.04.02-08.25.08:123][  0]LogTemp: Display: Loaded TP LinuxClientTargetPlatform
[2023.04.02-08.25.08:149][  0]LogTemp: Display: Loaded TP LinuxNoEditorTargetPlatform
[2023.04.02-08.25.08:173][  0]LogTemp: Display: Loaded TP LinuxServerTargetPlatform
[2023.04.02-08.25.08:200][  0]LogTemp: Display: Loaded TP LinuxTargetPlatform
[2023.04.02-08.25.08:200][  0]LogTargetPlatformManager: Display: Building Assets For Windows
[2023.04.02-08.25.08:439][  0]LogDerivedDataCache: Display: Max Cache Size: 512 MB
[2023.04.02-08.25.08:493][  0]LogDerivedDataCache: Loaded boot cache 0.05s 79MB C:/Users/araha/AppData/Local/UnrealEngine/4.18/DerivedDataCache/Boot.ddc.
[2023.04.02-08.25.08:494][  0]LogDerivedDataCache: Display: Loaded Boot cache: C:/Users/araha/AppData/Local/UnrealEngine/4.18/DerivedDataCache/Boot.ddc
[2023.04.02-08.25.08:494][  0]LogDerivedDataCache: FDerivedDataBackendGraph:  Pak pak cache file ../../../../MotionCapturev2/DerivedDataCache/DDC.ddp not found, will not use a pak cache.
[2023.04.02-08.25.08:494][  0]LogDerivedDataCache: Unable to find inner node Pak for hierarchical cache Hierarchy.
[2023.04.02-08.25.08:494][  0]LogDerivedDataCache: FDerivedDataBackendGraph:  CompressedPak pak cache file ../../../../MotionCapturev2/DerivedDataCache/Compressed.ddp not found, will not use a pak cache.
[2023.04.02-08.25.08:494][  0]LogDerivedDataCache: Unable to find inner node CompressedPak for hierarchical cache Hierarchy.
[2023.04.02-08.25.08:505][  0]LogDerivedDataCache: Display: Pak cache opened for reading ../../../Engine/DerivedDataCache/Compressed.ddp.
[2023.04.02-08.25.08:518][  0]LogDerivedDataCache: Using Local data cache path C:/Users/araha/AppData/Local/UnrealEngine/Common/DerivedDataCache: Writable
[2023.04.02-08.25.08:528][  0]LogMaterial: Verifying Global Shaders for PCD3D_SM5
[2023.04.02-08.25.08:528][  0]LogSlate: Using Freetype 2.6.0
[2023.04.02-08.25.08:529][  0]LogSlate: SlateFontCache - WITH_FREETYPE: 1, WITH_HARFBUZZ: 1
[2023.04.02-08.25.08:529][  0]LogSlate: SlateFontCache - WITH_FREETYPE: 1, WITH_HARFBUZZ: 1
[2023.04.02-08.25.08:764][  0]LogInit: Selected Device Profile: [Windows]
[2023.04.02-08.25.08:955][  0]LogSimplygon: Simplygon DLL not present - disabling.
[2023.04.02-08.25.08:975][  0]LogMeshReduction: Using SimplygonSwarm for distributed automatic mesh merging
[2023.04.02-08.25.08:975][  0]LogMeshReduction: Using QuadricMeshReduction for automatic static mesh reduction
[2023.04.02-08.25.08:975][  0]LogMeshReduction: No automatic skeletal mesh reduction module available
[2023.04.02-08.25.08:975][  0]LogMeshReduction: No automatic mesh merging module available
[2023.04.02-08.25.08:975][  0]LogMeshMerging: No automatic mesh merging module available
[2023.04.02-08.25.08:996][  0]LogNetVersion: MotionCapturev2 , NetCL: 3709383, EngineNetVer: 2, GameNetVer: 0 (Checksum: 582595062)
[2023.04.02-08.25.09:101][  0]LogAssetRegistry: FAssetRegistry took 0.0252 seconds to start up
[2023.04.02-08.25.09:399][  0]LogPackageLocalizationCache: Processed 7 localized package path(s) for 2 prioritized culture(s) in 0.042554 seconds
[2023.04.02-08.25.09:402][  0]LogUObjectArray: 35870 objects as part of root set at end of initial load.
[2023.04.02-08.25.09:402][  0]LogUObjectAllocator: 7363704 out of 0 bytes used by permanent object pool.
[2023.04.02-08.25.09:402][  0]LogUObjectArray: CloseDisregardForGC: 0/0 objects in disregard for GC pool
[2023.04.02-08.25.09:428][  0]LogInit: WinSock: version 1.1 (2.2), MaxSocks=32767, MaxUdp=65467
[2023.04.02-08.25.11:032][  0]LogTcpMessaging: Initializing TcpMessaging bridge
[2023.04.02-08.25.11:061][  0]LogUdpMessaging: Initializing bridge on interface 0.0.0.0:0 to multicast group 230.0.0.1:6666.
[2023.04.02-08.25.11:827][  0]LogMaterial: Uniform references updated for custom material expression Custom.
[2023.04.02-08.25.12:065][  0]SourceControl: Source control is disabled
[2023.04.02-08.25.12:065][  0]SourceControl: Source control is disabled
[2023.04.02-08.25.12:091][  0]SourceControl: Source control is disabled
[2023.04.02-08.25.12:117][  0]SourceControl: Source control is disabled
[2023.04.02-08.25.12:534][  0]LogAndroidPermission: UAndroidPermissionCallbackProxy::GetInstance
[2023.04.02-08.25.12:670][  0]LogOcInput: OculusInput pre-init called
[2023.04.02-08.25.12:817][  0]LogEngine: Initializing Engine...
[2023.04.02-08.25.12:819][  0]LogHMD: Failed to initialize OpenVR with code 110
[2023.04.02-08.25.12:958][  0]LogStats: UGameplayTagsManager::ConstructGameplayTagTree: Construct from data asset -  0.000 s
[2023.04.02-08.25.12:958][  0]LogStats: UGameplayTagsManager::ConstructGameplayTagTree: GameplayTagTreeChangedEvent.Broadcast -  0.000 s
[2023.04.02-08.25.13:024][  0]LogAIModule: Creating AISystem for world Untitled
[2023.04.02-08.25.13:048][  0]LogInit: XAudio2 using 'Speakers (High Definition Audio Device)' : 2 channels at 48 kHz using 16 bits per sample (channel mask 0x3)
[2023.04.02-08.25.13:145][  0]LogInit: FAudioDevice initialized.
[2023.04.02-08.25.13:212][  0]LogDerivedDataCache: Saved boot cache 0.07s 79MB C:/Users/araha/AppData/Local/UnrealEngine/4.18/DerivedDataCache/Boot.ddc.
[2023.04.02-08.25.13:223][  0]LogInit: Texture streaming: Enabled
[2023.04.02-08.25.13:273][  0]LogEngineSessionManager: EngineSessionManager initialized
[2023.04.02-08.25.13:339][  0]LogInit: Transaction tracking system initialized
[2023.04.02-08.25.13:503][  0]BlueprintLog: New page: Editor Load
[2023.04.02-08.25.13:962][  0]LocalizationService: Localization service is disabled
[2023.04.02-08.25.14:341][  0]LogConsoleResponse: Display: 
[2023.04.02-08.25.14:448][  0]LogCook: Display: Max memory allowance for cook 16384mb min free memory 0mb
[2023.04.02-08.25.14:448][  0]LogCook: Display: Mobile HDR setting 1
[2023.04.02-08.25.14:448][  0]LogGameplayTags: Display: UGameplayTagsManager::DoneAddingNativeTags. DelegateIsBound: 0
[2023.04.02-08.25.15:231][  0]LogFileCache: Scanning file cache for directory 'H:/UnrealEngine/MotionCapturev2/Content/' took 0.02s
[2023.04.02-08.25.15:231][  0]SourceControl: Source control is disabled
[2023.04.02-08.25.15:231][  0]Cmd: MAP LOAD FILE="../../../../MotionCapturev2/Content/ThirdPersonCPP/Maps/ThirdPersonExampleMap.umap" TEMPLATE=0 SHOWPROGRESS=1 FEATURELEVEL=3
[2023.04.02-08.25.15:241][  0]LightingResults: New page: Lighting Build
[2023.04.02-08.25.15:263][  0]MapCheck: New page: Map Check
[2023.04.02-08.25.15:263][  0]LightingResults: New page: Lighting Build
[2023.04.02-08.25.15:532][  0]LogAIModule: Creating AISystem for world ThirdPersonExampleMap
[2023.04.02-08.25.15:538][  0]LogEditorServer: Finished looking for orphan Actors (0.000 secs)
[2023.04.02-08.25.15:547][  0]Cmd: MAP CHECKDEP NOCLEARLOG
[2023.04.02-08.25.15:571][  0]MapCheck: Map check complete: 0 Error(s), 0 Warning(s), took 23.985ms to complete.
[2023.04.02-08.25.15:571][  0]LogFileHelpers: Loading map 'ThirdPersonExampleMap' took 0.341
[2023.04.02-08.25.15:714][  0]LogCollectionManager: Loaded 0 collections in 0.000560 seconds
[2023.04.02-08.25.15:762][  0]LogFileCache: Scanning file cache for directory 'H:/UnrealEngine/MotionCapturev2/Saved/Collections/' took 0.01s
[2023.04.02-08.25.15:762][  0]LogFileCache: Scanning file cache for directory 'H:/UnrealEngine/MotionCapturev2/Content/Developers/araha/Collections/' took 0.01s
[2023.04.02-08.25.15:762][  0]LogFileCache: Scanning file cache for directory 'H:/UnrealEngine/MotionCapturev2/Content/Collections/' took 0.00s
[2023.04.02-08.25.15:762][  0]LogCollectionManager: Rebuilt the GUID cache for 0 collections in 0.000001 seconds
[2023.04.02-08.25.15:769][  0]LogContentBrowser: Native class hierarchy populated in 0.0064 seconds. Added 2365 classes and 521 folders.
[2023.04.02-08.25.15:803][  0]LogContentBrowser: Native class hierarchy updated for 'WidgetCarousel' in 0.0003 seconds. Added 0 classes and 0 folders.
[2023.04.02-08.25.16:319][  0]LogContentBrowser: Native class hierarchy updated for 'AddContentDialog' in 0.0003 seconds. Added 0 classes and 0 folders.
[2023.04.02-08.25.16:353][  0]LogContentBrowser: Native class hierarchy updated for 'SceneOutliner' in 0.0004 seconds. Added 1 classes and 2 folders.
[2023.04.02-08.25.16:386][  0]LogSlate: Took 0.000156 seconds to synchronously load lazily loaded font '../../../Engine/Content/Slate/Fonts/Roboto-Regular.ttf' (155K)
[2023.04.02-08.25.16:387][  0]LogSlate: Took 0.000111 seconds to synchronously load lazily loaded font '../../../Engine/Content/Slate/Fonts/Roboto-Bold.ttf' (160K)
[2023.04.02-08.25.16:398][  0]LogSlate: Took 0.006879 seconds to synchronously load lazily loaded font '../../../Engine/Content/Editor/Slate/Fonts/FontAwesome.ttf' (139K)
[2023.04.02-08.25.16:538][  0]LogRenderer: Reallocating scene render targets to support 964x440 Format 10 NumSamples 1 (Frame:1).
[2023.04.02-08.25.16:709][  0]LogContentBrowser: Native class hierarchy updated for 'HierarchicalLODOutliner' in 0.0004 seconds. Added 1 classes and 2 folders.
[2023.04.02-08.25.16:709][  0]LogLoad: (Engine Initialization) Total time: 12.16 seconds
[2023.04.02-08.25.16:709][  0]LogLoad: (Engine Initialization) Total Blueprint compile time: 0.00 seconds
[2023.04.02-08.25.16:709][  0]LogExternalProfiler: No external profilers were discovered.  External profiling features will not be available.
[2023.04.02-08.25.17:066][  0]LogAssetRegistry: Asset discovery search completed in 7.9881 seconds
[2023.04.02-08.25.17:067][  0]LogCollectionManager: Rebuilt the object cache for 0 collections in 0.000001 seconds (found 0 objects)
[2023.04.02-08.25.17:067][  0]LogCollectionManager: Fixed up redirectors for 0 collections in 0.000033 seconds (updated 0 objects)
[2023.04.02-08.25.17:069][  0]LogContentStreaming: Texture pool size now 1000 MB
[2023.04.02-08.25.17:110][  0]LogSlate: Took 0.006867 seconds to synchronously load lazily loaded font '../../../Engine/Content/Slate/Fonts/Roboto-Light.ttf' (159K)
[2023.04.02-08.25.27:438][ 72]LogSlate: Took 0.000125 seconds to synchronously load lazily loaded font '../../../Engine/Content/Slate/Fonts/Roboto-Light.ttf' (159K)
[2023.04.02-08.25.27:519][ 72]LogContentBrowser: Native class hierarchy updated for 'SkeletonEditor' in 0.0004 seconds. Added 1 classes and 2 folders.
[2023.04.02-08.25.27:791][ 72]LogActorComponent: RegisterComponentWithWorld: (/Engine/Transient.World_2:PersistentLevel.Actor_0.DebugSkelMeshComponent_0) Already registered. Aborting.
[2023.04.02-08.25.28:009][ 72]LogSlate: Took 0.000219 seconds to synchronously load lazily loaded font '../../../Engine/Content/Slate/Fonts/Roboto-Regular.ttf' (155K)
[2023.04.02-08.25.28:057][ 72]LogContentBrowser: Native class hierarchy updated for 'BlueprintGraph' in 0.0007 seconds. Added 116 classes and 0 folders.
[2023.04.02-08.25.28:507][ 72]LogSkeletalMesh: USkeletalMeshComponent::InitArticulated : Bodies already created (/Engine/Transient.World_2:PersistentLevel.Actor_0.DebugSkelMeshComponent_0) - call TermArticulated first.
[2023.04.02-08.25.28:717][ 72]LogSlate: Took 0.005098 seconds to synchronously load lazily loaded font '../../../Engine/Content/Editor/Slate/Fonts/Roboto-BoldCondensed.ttf' (158K)
[2023.04.02-08.25.28:827][ 72]LogContentBrowser: Native class hierarchy updated for 'ClothingSystemEditorInterface' in 0.0006 seconds. Added 1 classes and 0 folders.
[2023.04.02-08.25.28:896][ 73]LogSlate: Took 0.006986 seconds to synchronously load lazily loaded font '../../../Engine/Content/Editor/Slate/Fonts/Roboto-Italic.ttf' (157K)
[2023.04.02-08.27.16:054][155]LogTemp: Repeating last play command: Selected Viewport
[2023.04.02-08.27.16:084][155]LogBlueprintUserMessages: Early PlayInEditor Detection: Level '/Game/ThirdPersonCPP/Maps/ThirdPersonExampleMap.ThirdPersonExampleMap:PersistentLevel' has LevelScriptBlueprint '/Game/ThirdPersonCPP/Maps/ThirdPersonExampleMap.ThirdPersonExampleMap:PersistentLevel.ThirdPersonExampleMap' with GeneratedClass '/Game/ThirdPersonCPP/Maps/ThirdPersonExampleMap.ThirdPersonExampleMap_C' with ClassGeneratedBy '/Game/ThirdPersonCPP/Maps/ThirdPersonExampleMap.ThirdPersonExampleMap:PersistentLevel.ThirdPersonExampleMap'
[2023.04.02-08.27.16:084][155]LogPlayLevel: PlayLevel: No blueprints needed recompiling
[2023.04.02-08.27.16:087][155]PIE: New page: PIE session: ThirdPersonExampleMap (Apr 2, 2023, 10:27:16 PM)
[2023.04.02-08.27.16:087][155]LogPlayLevel: Creating play world package: /Game/ThirdPersonCPP/Maps/UEDPIE_0_ThirdPersonExampleMap
[2023.04.02-08.27.16:108][155]LogPlayLevel: PIE: StaticDuplicateObject took: (0.020508s)
[2023.04.02-08.27.16:108][155]LogAIModule: Creating AISystem for world ThirdPersonExampleMap
[2023.04.02-08.27.16:108][155]LogPlayLevel: PIE: World Init took: (0.000719s)
[2023.04.02-08.27.16:109][155]LogPlayLevel: PIE: Created PIE world by copying editor world from /Game/ThirdPersonCPP/Maps/ThirdPersonExampleMap.ThirdPersonExampleMap to /Game/ThirdPersonCPP/Maps/UEDPIE_0_ThirdPersonExampleMap.ThirdPersonExampleMap (0.021519s)
[2023.04.02-08.27.16:144][155]LogInit: XAudio2 using 'Speakers (High Definition Audio Device)' : 2 channels at 48 kHz using 16 bits per sample (channel mask 0x3)
[2023.04.02-08.27.16:243][155]LogInit: FAudioDevice initialized.
[2023.04.02-08.27.16:294][155]LogLoad: Game class is 'MotionCapturev2GameMode'
[2023.04.02-08.27.16:296][155]LogWorld: Bringing World /Game/ThirdPersonCPP/Maps/UEDPIE_0_ThirdPersonExampleMap.ThirdPersonExampleMap up for play (max tick rate 60) at 2023.04.02-15.27.16
[2023.04.02-08.27.16:296][155]LogWorld: Bringing up level for play took: 0.001974
[2023.04.02-08.27.16:324][155]LogContentBrowser: Native class hierarchy updated for 'MovieSceneCapture' in 0.0004 seconds. Added 11 classes and 0 folders.
[2023.04.02-08.27.16:324][155]PIE: Play in editor start time for /Game/ThirdPersonCPP/Maps/UEDPIE_0_ThirdPersonExampleMap 0.822
[2023.04.02-08.27.16:325][155]LogBlueprintUserMessages: Late PlayInEditor Detection: Level '/Game/ThirdPersonCPP/Maps/ThirdPersonExampleMap.ThirdPersonExampleMap:PersistentLevel' has LevelScriptBlueprint '/Game/ThirdPersonCPP/Maps/ThirdPersonExampleMap.ThirdPersonExampleMap:PersistentLevel.ThirdPersonExampleMap' with GeneratedClass '/Game/ThirdPersonCPP/Maps/ThirdPersonExampleMap.ThirdPersonExampleMap_C' with ClassGeneratedBy '/Game/ThirdPersonCPP/Maps/ThirdPersonExampleMap.ThirdPersonExampleMap:PersistentLevel.ThirdPersonExampleMap'
[2023.04.02-08.27.24:610][639]LogBlueprintUserMessages: Early EndPlayMap Detection: Level '/Game/ThirdPersonCPP/Maps/ThirdPersonExampleMap.ThirdPersonExampleMap:PersistentLevel' has LevelScriptBlueprint '/Game/ThirdPersonCPP/Maps/ThirdPersonExampleMap.ThirdPersonExampleMap:PersistentLevel.ThirdPersonExampleMap' with GeneratedClass '/Game/ThirdPersonCPP/Maps/ThirdPersonExampleMap.ThirdPersonExampleMap_C' with ClassGeneratedBy '/Game/ThirdPersonCPP/Maps/ThirdPersonExampleMap.ThirdPersonExampleMap:PersistentLevel.ThirdPersonExampleMap'
[2023.04.02-08.27.24:646][639]LogBlueprintUserMessages: Late EndPlayMap Detection: Level '/Game/ThirdPersonCPP/Maps/ThirdPersonExampleMap.ThirdPersonExampleMap:PersistentLevel' has LevelScriptBlueprint '/Game/ThirdPersonCPP/Maps/ThirdPersonExampleMap.ThirdPersonExampleMap:PersistentLevel.ThirdPersonExampleMap' with GeneratedClass '/Game/ThirdPersonCPP/Maps/ThirdPersonExampleMap.ThirdPersonExampleMap_C' with ClassGeneratedBy '/Game/ThirdPersonCPP/Maps/ThirdPersonExampleMap.ThirdPersonExampleMap:PersistentLevel.ThirdPersonExampleMap'
[2023.04.02-08.30.10:028][107]LogEditorTransaction: Undo Delete current selection
[2023.04.02-08.30.10:108][107]LogActorComponent: RegisterComponentWithWorld: (/Engine/Transient.World_2:PersistentLevel.Actor_0.DebugSkelMeshComponent_0) Already registered. Aborting.
[2023.04.02-08.30.10:124][107]LogSlate: Took 0.000231 seconds to synchronously load lazily loaded font '../../../Engine/Content/Slate/Fonts/Roboto-Light.ttf' (159K)
[2023.04.02-08.31.00:752][656]BlueprintLog: New page: Compile AnimSingMove
[2023.04.02-08.31.13:315][282]BlueprintLog: New page: Compile AnimSingMove
[2023.04.02-08.31.19:105][567]LogTemp: Repeating last play command: Selected Viewport
[2023.04.02-08.31.19:116][567]LogBlueprintUserMessages: Early PlayInEditor Detection: Level '/Game/ThirdPersonCPP/Maps/ThirdPersonExampleMap.ThirdPersonExampleMap:PersistentLevel' has LevelScriptBlueprint '/Game/ThirdPersonCPP/Maps/ThirdPersonExampleMap.ThirdPersonExampleMap:PersistentLevel.ThirdPersonExampleMap' with GeneratedClass '/Game/ThirdPersonCPP/Maps/ThirdPersonExampleMap.ThirdPersonExampleMap_C' with ClassGeneratedBy '/Game/ThirdPersonCPP/Maps/ThirdPersonExampleMap.ThirdPersonExampleMap:PersistentLevel.ThirdPersonExampleMap'
[2023.04.02-08.31.19:116][567]LogPlayLevel: PlayLevel: No blueprints needed recompiling
[2023.04.02-08.31.19:116][567]PIE: New page: PIE session: ThirdPersonExampleMap (Apr 2, 2023, 10:31:19 PM)
[2023.04.02-08.31.19:116][567]LogPlayLevel: Creating play world package: /Game/ThirdPersonCPP/Maps/UEDPIE_0_ThirdPersonExampleMap
[2023.04.02-08.31.19:135][567]LogPlayLevel: PIE: StaticDuplicateObject took: (0.018640s)
[2023.04.02-08.31.19:136][567]LogAIModule: Creating AISystem for world ThirdPersonExampleMap
[2023.04.02-08.31.19:136][567]LogPlayLevel: PIE: World Init took: (0.001008s)
[2023.04.02-08.31.19:136][567]LogPlayLevel: PIE: Created PIE world by copying editor world from /Game/ThirdPersonCPP/Maps/ThirdPersonExampleMap.ThirdPersonExampleMap to /Game/ThirdPersonCPP/Maps/UEDPIE_0_ThirdPersonExampleMap.ThirdPersonExampleMap (0.019963s)
[2023.04.02-08.31.19:169][567]LogInit: XAudio2 using 'Speakers (High Definition Audio Device)' : 2 channels at 48 kHz using 16 bits per sample (channel mask 0x3)
[2023.04.02-08.31.19:274][567]LogInit: FAudioDevice initialized.
[2023.04.02-08.31.19:311][567]LogLoad: Game class is 'MotionCapturev2GameMode'
[2023.04.02-08.31.19:313][567]LogWorld: Bringing World /Game/ThirdPersonCPP/Maps/UEDPIE_0_ThirdPersonExampleMap.ThirdPersonExampleMap up for play (max tick rate 60) at 2023.04.02-15.31.19
[2023.04.02-08.31.19:313][567]LogWorld: Bringing up level for play took: 0.002069
[2023.04.02-08.31.19:315][567]PIE: Play in editor start time for /Game/ThirdPersonCPP/Maps/UEDPIE_0_ThirdPersonExampleMap -0.188
[2023.04.02-08.31.19:315][567]LogBlueprintUserMessages: Late PlayInEditor Detection: Level '/Game/ThirdPersonCPP/Maps/ThirdPersonExampleMap.ThirdPersonExampleMap:PersistentLevel' has LevelScriptBlueprint '/Game/ThirdPersonCPP/Maps/ThirdPersonExampleMap.ThirdPersonExampleMap:PersistentLevel.ThirdPersonExampleMap' with GeneratedClass '/Game/ThirdPersonCPP/Maps/ThirdPersonExampleMap.ThirdPersonExampleMap_C' with ClassGeneratedBy '/Game/ThirdPersonCPP/Maps/ThirdPersonExampleMap.ThirdPersonExampleMap:PersistentLevel.ThirdPersonExampleMap'
[2023.04.02-08.31.23:897][829]LogBlueprintUserMessages: Early EndPlayMap Detection: Level '/Game/ThirdPersonCPP/Maps/ThirdPersonExampleMap.ThirdPersonExampleMap:PersistentLevel' has LevelScriptBlueprint '/Game/ThirdPersonCPP/Maps/ThirdPersonExampleMap.ThirdPersonExampleMap:PersistentLevel.ThirdPersonExampleMap' with GeneratedClass '/Game/ThirdPersonCPP/Maps/ThirdPersonExampleMap.ThirdPersonExampleMap_C' with ClassGeneratedBy '/Game/ThirdPersonCPP/Maps/ThirdPersonExampleMap.ThirdPersonExampleMap:PersistentLevel.ThirdPersonExampleMap'
[2023.04.02-08.31.23:934][829]LogBlueprintUserMessages: Late EndPlayMap Detection: Level '/Game/ThirdPersonCPP/Maps/ThirdPersonExampleMap.ThirdPersonExampleMap:PersistentLevel' has LevelScriptBlueprint '/Game/ThirdPersonCPP/Maps/ThirdPersonExampleMap.ThirdPersonExampleMap:PersistentLevel.ThirdPersonExampleMap' with GeneratedClass '/Game/ThirdPersonCPP/Maps/ThirdPersonExampleMap.ThirdPersonExampleMap_C' with ClassGeneratedBy '/Game/ThirdPersonCPP/Maps/ThirdPersonExampleMap.ThirdPersonExampleMap:PersistentLevel.ThirdPersonExampleMap'
[2023.04.02-08.35.30:575][305]LogFileHelpers: Editor autosave (incl. sublevels) for '/Game/ThirdPersonCPP/Maps/ThirdPersonExampleMap' took 0.014
[2023.04.02-08.35.30:579][305]OBJ SavePackage: Generating thumbnails for [1] asset(s) in package [/Game/ThirdPersonCPP/Blueprints/AnimSingMove] ([1] browsable assets)...
[2023.04.02-08.35.30:628][305]OBJ SavePackage:     Rendered thumbnail for [AnimBlueprint /Game/ThirdPersonCPP/Blueprints/AnimSingMove.AnimSingMove]
[2023.04.02-08.35.30:628][305]OBJ SavePackage: Finished generating thumbnails for package [/Game/ThirdPersonCPP/Blueprints/AnimSingMove]
[2023.04.02-08.35.30:641][305]LogSavePackage: Save=12.40ms
[2023.04.02-08.35.30:642][305]LogSavePackage: Moving '../../../../MotionCapturev2/Saved/AnimSingMove_Auto13C64151E4A8B54647B2A269DC89C341F.tmp' to '../../../../MotionCapturev2/Saved/Autosaves/Game/ThirdPersonCPP/Blueprints/AnimSingMove_Auto1.uasset'
[2023.04.02-08.35.30:642][305]LogSavePackage: Display: Finished SavePackage ../../../../MotionCapturev2/Saved/Autosaves/Game/ThirdPersonCPP/Blueprints/AnimSingMove_Auto1.uasset
[2023.04.02-08.35.30:642][305]LogFileHelpers: Auto-saving content packages took 0.063
[2023.04.02-10.03.45:712][190]LogWindowsTextInputMethodSystem: Display: IME system now deactivated.
[2023.04.02-10.03.45:712][190]LogWindowsTextInputMethodSystem: Display: IME system now deactivated.
[2023.04.02-12.18.17:930][ 95]LogInit: XAudio2 using 'Speakers (High Definition Audio Device)' : 2 channels at 48 kHz using 16 bits per sample (channel mask 0x3)
[2023.04.02-13.53.06:485][161]LogInit: XAudio2 using 'Speakers (High Definition Audio Device)' : 2 channels at 48 kHz using 16 bits per sample (channel mask 0x3)
[2023.04.02-13.53.14:362][184]LogInit: XAudio2 using 'Speakers (USB Audio Device)' : 2 channels at 48 kHz using 16 bits per sample (channel mask 0x3)
